0 verbose cli /data/data/com.termux/files/usr/bin/node /data/data/com.termux/files/usr/bin/npm
1 info using npm@11.17.0
2 info using node@v26.3.1
3 silly config load:file:/data/data/com.termux/files/usr/lib/node_modules/npm/npmrc
4 silly config load:file:/data/data/com.termux/files/home/.npmrc
5 silly config load:file:/data/data/com.termux/files/usr/etc/npmrc
6 verbose title npm install @fortawesome/fontawesome-free
7 verbose argv "install" "@fortawesome/fontawesome-free"
8 verbose logfile logs-max:10 dir:/data/data/com.termux/files/home/.npm/_logs/2026-07-21T20_39_00_144Z-
9 verbose logfile /data/data/com.termux/files/home/.npm/_logs/2026-07-21T20_39_00_144Z-debug-0.log
10 silly logfile done cleaning log files
11 silly allow-scripts no package.json at prefix Could not read package.json: Error: ENOENT: no such file or directory, open '/data/data/com.termux/files/home/package.json'
12 silly packumentCache heap:1174405120 maxSize:293601280 maxEntrySize:146800640
13 silly idealTree buildDeps
14 silly fetch manifest @fortawesome/fontawesome-free@*
15 silly packumentCache full:https://registry.npmjs.org/@fortawesome%2ffontawesome-free cache-miss
16 http fetch GET 200 https://registry.npmjs.org/npm 258ms
17 http fetch GET 200 https://registry.npmjs.org/@fortawesome%2ffontawesome-free 1186ms (cache miss)
18 silly packumentCache full:https://registry.npmjs.org/@fortawesome%2ffontawesome-free set size:undefined disposed:false
19 silly placeDep ROOT @fortawesome/fontawesome-free@7.3.1 OK for:  want: *
20 silly reify moves {}
21 http cache @fortawesome/fontawesome-free@https://registry.npmjs.org/@fortawesome/fontawesome-free/-/fontawesome-free-7.3.1.tgz 0ms (cache hit)
22 silly tarball no local data for @fortawesome/fontawesome-free@https://registry.npmjs.org/@fortawesome/fontawesome-free/-/fontawesome-free-7.3.1.tgz. Extracting by manifest.
23 http fetch GET 200 https://registry.npmjs.org/@fortawesome/fontawesome-free/-/fontawesome-free-7.3.1.tgz 22754ms (cache miss)
24 silly ADD node_modules/@fortawesome/fontawesome-free
25 verbose cwd /data/data/com.termux/files/home
26 verbose os Linux 6.1.138-android14-11-g51f8c580613d-ab13911623
27 verbose node v26.3.1
28 verbose npm  v11.17.0
29 notice
29 notice New [31mmajor[39m version of npm available! [31m11.17.0[39m -> [34m12.0.1[39m
29 notice Changelog: [34mhttps://github.com/npm/cli/releases/tag/v12.0.1[39m
29 notice To update run: [4mnpm install -g npm@12.0.1[24m
29 notice  { force: true, Symbol(proc-log.meta): true }
30 verbose exit 0
31 info ok
